2022-05-06 09:19:14.6327|0|DEBUG|TodoWebsite.Program|init main 
2022-05-06 09:19:17.9987|0|INFO|Microsoft.Hosting.Lifetime|Application started. Press Ctrl+C to shut down. 
2022-05-06 09:19:18.0035|0|INFO|Microsoft.Hosting.Lifetime|Hosting environment: Development 
2022-05-06 09:19:18.0035|0|INFO|Microsoft.Hosting.Lifetime|Content root path: C:\Users\PAWEŁ\Desktop\Vis Studio\TodoWebsite\TodoWebsite 
2022-05-06 09:20:03.6282|0|DEBUG|TodoWebsite.Program|init main 
2022-05-06 09:20:04.6252|0|INFO|Microsoft.Hosting.Lifetime|Application started. Press Ctrl+C to shut down. 
2022-05-06 09:20:04.6252|0|INFO|Microsoft.Hosting.Lifetime|Hosting environment: Development 
2022-05-06 09:20:04.6515|0|INFO|Microsoft.Hosting.Lifetime|Content root path: C:\Users\PAWEŁ\Desktop\Vis Studio\TodoWebsite\TodoWebsite 
2022-05-06 09:23:34.3146|0|DEBUG|TodoWebsite.Program|init main 
2022-05-06 09:23:34.8306|0|INFO|Microsoft.Hosting.Lifetime|Application started. Press Ctrl+C to shut down. 
2022-05-06 09:23:34.8306|0|INFO|Microsoft.Hosting.Lifetime|Hosting environment: Development 
2022-05-06 09:23:34.8306|0|INFO|Microsoft.Hosting.Lifetime|Content root path: C:\Users\PAWEŁ\Desktop\Vis Studio\TodoWebsite\TodoWebsite 
2022-05-06 09:23:46.7928|0|INFO|TodoWebsite.Pages.Index|Dodano nowy item TodoWebsite.Data.TodoList o id 1 
2022-05-06 09:23:48.4385|0|INFO|TodoWebsite.Pages.Index|Zmieniono status z false na true o Id: 1 
2022-05-06 09:26:48.1437|0|DEBUG|TodoWebsite.Program|init main 
2022-05-06 09:26:48.3990|0|INFO|Microsoft.Hosting.Lifetime|Application started. Press Ctrl+C to shut down. 
2022-05-06 09:26:48.3990|0|INFO|Microsoft.Hosting.Lifetime|Hosting environment: Development 
2022-05-06 09:26:48.4106|0|INFO|Microsoft.Hosting.Lifetime|Content root path: C:\Users\PAWEŁ\Desktop\Vis Studio\TodoWebsite\TodoWebsite 
2022-05-06 09:36:15.3884|0|DEBUG|TodoWebsite.Program|init main 
2022-05-06 09:36:17.9127|0|INFO|Microsoft.Hosting.Lifetime|Application started. Press Ctrl+C to shut down. 
2022-05-06 09:36:17.9275|0|INFO|Microsoft.Hosting.Lifetime|Hosting environment: Development 
2022-05-06 09:36:17.9405|0|INFO|Microsoft.Hosting.Lifetime|Content root path: C:\Users\PAWEŁ\Desktop\Vis Studio\TodoWebsite\TodoWebsite 
2022-05-06 09:36:55.8034|0|DEBUG|TodoWebsite.Program|init main 
2022-05-06 09:36:56.5429|0|INFO|Microsoft.Hosting.Lifetime|Application started. Press Ctrl+C to shut down. 
2022-05-06 09:36:56.5581|0|INFO|Microsoft.Hosting.Lifetime|Hosting environment: Development 
2022-05-06 09:36:56.5666|0|INFO|Microsoft.Hosting.Lifetime|Content root path: C:\Users\PAWEŁ\Desktop\Vis Studio\TodoWebsite\TodoWebsite 
2022-05-06 09:56:15.3727|0|DEBUG|TodoWebsite.Program|init main 
2022-05-06 09:56:15.5968|0|INFO|Microsoft.Hosting.Lifetime|Application started. Press Ctrl+C to shut down. 
2022-05-06 09:56:15.5968|0|INFO|Microsoft.Hosting.Lifetime|Hosting environment: Development 
2022-05-06 09:56:15.6108|0|INFO|Microsoft.Hosting.Lifetime|Content root path: C:\Users\PAWEŁ\Desktop\Vis Studio\TodoWebsite\TodoWebsite 
2022-05-06 11:03:54.3709|0|DEBUG|TodoWebsite.Program|init main 
2022-05-06 11:03:55.5277|0|INFO|Microsoft.Hosting.Lifetime|Application started. Press Ctrl+C to shut down. 
2022-05-06 11:03:55.5277|0|INFO|Microsoft.Hosting.Lifetime|Hosting environment: Development 
2022-05-06 11:03:55.5489|0|INFO|Microsoft.Hosting.Lifetime|Content root path: C:\Users\PAWEŁ\Desktop\Vis Studio\TodoWebsite\TodoWebsite 
2022-05-06 11:05:58.9422|0|DEBUG|TodoWebsite.Program|init main 
2022-05-06 11:05:59.4345|0|INFO|Microsoft.Hosting.Lifetime|Application started. Press Ctrl+C to shut down. 
2022-05-06 11:05:59.4345|0|INFO|Microsoft.Hosting.Lifetime|Hosting environment: Development 
2022-05-06 11:05:59.4498|0|INFO|Microsoft.Hosting.Lifetime|Content root path: C:\Users\PAWEŁ\Desktop\Vis Studio\TodoWebsite\TodoWebsite 
2022-05-06 11:06:29.5955|0|INFO|TodoWebsite.Pages.Index|Dodano nowy item TodoWebsite.Data.TodoList o id 25 
2022-05-06 11:06:33.2633|0|INFO|TodoWebsite.Pages.Index|Zaktualizowano  item TodoWebsite.Data.TodoList o Id 25 
2022-05-06 11:06:35.0860|0|INFO|TodoWebsite.Pages.Index|Usunięto item o Id 25 
2022-05-06 11:09:01.8664|0|DEBUG|TodoWebsite.Program|init main 
2022-05-06 11:09:02.5596|0|INFO|Microsoft.Hosting.Lifetime|Application started. Press Ctrl+C to shut down. 
2022-05-06 11:09:02.5596|0|INFO|Microsoft.Hosting.Lifetime|Hosting environment: Development 
2022-05-06 11:09:02.5798|0|INFO|Microsoft.Hosting.Lifetime|Content root path: C:\Users\PAWEŁ\Desktop\Vis Studio\TodoWebsite\TodoWebsite 
2022-05-06 11:09:24.6156|0|INFO|TodoWebsite.Pages.Index|Dodano nowy item TodoWebsite.Data.TodoList o id 26 
2022-05-06 11:12:22.9351|0|DEBUG|TodoWebsite.Program|init main 
2022-05-06 11:12:23.8624|0|INFO|Microsoft.Hosting.Lifetime|Application started. Press Ctrl+C to shut down. 
2022-05-06 11:12:23.8757|0|INFO|Microsoft.Hosting.Lifetime|Hosting environment: Development 
2022-05-06 11:12:23.8757|0|INFO|Microsoft.Hosting.Lifetime|Content root path: C:\Users\PAWEŁ\Desktop\Vis Studio\TodoWebsite\TodoWebsite 
2022-05-06 11:13:14.1736|0|DEBUG|TodoWebsite.Program|init main 
2022-05-06 11:13:15.0089|0|INFO|Microsoft.Hosting.Lifetime|Application started. Press Ctrl+C to shut down. 
2022-05-06 11:13:15.0337|0|INFO|Microsoft.Hosting.Lifetime|Hosting environment: Development 
2022-05-06 11:13:15.0575|0|INFO|Microsoft.Hosting.Lifetime|Content root path: C:\Users\PAWEŁ\Desktop\Vis Studio\TodoWebsite\TodoWebsite 
2022-05-06 11:13:37.2393|0|DEBUG|TodoWebsite.Program|init main 
2022-05-06 11:13:38.3147|0|INFO|Microsoft.Hosting.Lifetime|Application started. Press Ctrl+C to shut down. 
2022-05-06 11:13:38.3280|0|INFO|Microsoft.Hosting.Lifetime|Hosting environment: Development 
2022-05-06 11:13:38.3280|0|INFO|Microsoft.Hosting.Lifetime|Content root path: C:\Users\PAWEŁ\Desktop\Vis Studio\TodoWebsite\TodoWebsite 
